Success (9):
datatype 1944 {https://test79.appianci.net/suite/types/}TEST_cdt "{https://test79.appianci.net/suite/types/}TEST_cdt"
dataStore 2028 _a-0000db64-d317-8000-0315-010000010000_2029 "TEST DS"
content 2022 _a-0000db64-d317-8000-0315-010000010000_2020 "TEST Rule Folder"
content 2023 d6a0ccac-8601-4d2d-91e3-368ada057b74 "TEST_dashboard"
content 2034 834bc680-32b0-46e6-9f3b-c42977b9253e "TEST_rule"
processModelFolder 1 _g-0000db64-d319-8000-0316-010000010000_1 "TEST Process Models Folder"
processModel 0 0003db65-da22-8000-0316-010000010000 "TEST Process Model"
application 2025 _a-0000db64-d317-8000-0315-010000010000_2028 "Test Application"
recordType 2 96bef044-77f0-4e9f-a515-bee5ae0a1588 "TEST Record"

Trace:
2015-08-28 16:44:12.733 DEBUG application 2025 _a-0000db64-d317-8000-0315-010000010000_2028 Begin transport.
2015-08-28 16:44:12.733 DEBUG application 2025 _a-0000db64-d317-8000-0315-010000010000_2028 Retrieving object data.
2015-08-28 16:44:12.736 DEBUG application 2025 _a-0000db64-d317-8000-0315-010000010000_2028 App associated objects: GlobalIdMap[datatype=[{https://test79.appianci.net/suite/types/}TEST_cdt],dataStore=[_a-0000db64-d317-8000-0315-010000010000_2029],content=[d6a0ccac-8601-4d2d-91e3-368ada057b74, 834bc680-32b0-46e6-9f3b-c42977b9253e, _a-0000db64-d317-8000-0315-010000010000_2020],processModelFolder=[_g-0000db64-d319-8000-0316-010000010000_1],processModel=[0003db65-da22-8000-0316-010000010000],recordType=[96bef044-77f0-4e9f-a515-bee5ae0a1588]]
2015-08-28 16:44:12.744 DEBUG application 2025 _a-0000db64-d317-8000-0315-010000010000_2028 Invalid associated objects: GlobalIdMap[]
2015-08-28 16:44:12.744 DEBUG application 2025 _a-0000db64-d317-8000-0315-010000010000_2028 Adding valid associated objects to be exported: GlobalBindingMap[datatype={{https://test79.appianci.net/suite/types/}TEST_cdt=1944},dataStore={_a-0000db64-d317-8000-0315-010000010000_2029=2028},content={d6a0ccac-8601-4d2d-91e3-368ada057b74=2023, 834bc680-32b0-46e6-9f3b-c42977b9253e=2034, _a-0000db64-d317-8000-0315-010000010000_2020=2022},processModelFolder={_g-0000db64-d319-8000-0316-010000010000_1=1},processModel={0003db65-da22-8000-0316-010000010000=0},recordType={96bef044-77f0-4e9f-a515-bee5ae0a1588=2}]
2015-08-28 16:44:12.745 DEBUG application 2025 _a-0000db64-d317-8000-0315-010000010000_2028 Setting uuids of object references.
2015-08-28 16:44:12.745 DEBUG application 2025 _a-0000db64-d317-8000-0315-010000010000_2028 Processing reference: Application.forum
2015-08-28 16:44:12.745 DEBUG application 2025 _a-0000db64-d317-8000-0315-010000010000_2028 Processing reference: Application.parent
2015-08-28 16:44:12.747 DEBUG application 2025 _a-0000db64-d317-8000-0315-010000010000_2028 Processing reference: com.appiancorp.suiteapi.content.ContentRoleMap@513d3526[
  ContentRole[name=readers,inherit=false,allowForAll=false]
  ContentRole[name=authors,inherit=false,allowForAll=false]
  ContentRole[name=administrators,usernames=[Administrator],inherit=false,allowForAll=false]
  ContentRole[name=denyReaders,inherit=false,allowForAll=false]
  ContentRole[name=denyAuthors,inherit=false,allowForAll=false]
  ContentRole[name=denyAdministrators,inherit=false,allowForAll=false]
  securityVector=129:SEC_PUBLIC=true,SEC_CREATOR_ADMIN=true,SEC_INH_ADMIN=false,SEC_INH_EDITOR=false,SEC_INH_VIEWER=false,SEC_ALL_ADMIN=false,SEC_ALL_EDITOR=false,SEC_ALL_VIEWER=false
]
2015-08-28 16:44:12.747 DEBUG application 2025 _a-0000db64-d317-8000-0315-010000010000_2028 Processing reference: ContentRole[name=readers,inherit=false,allowForAll=false]
2015-08-28 16:44:12.747 DEBUG application 2025 _a-0000db64-d317-8000-0315-010000010000_2028 Processing reference: ContentRole[name=authors,inherit=false,allowForAll=false]
2015-08-28 16:44:12.747 DEBUG application 2025 _a-0000db64-d317-8000-0315-010000010000_2028 Processing reference: ContentRole[name=administrators,usernames=[Administrator],inherit=false,allowForAll=false]
2015-08-28 16:44:12.748 DEBUG application 2025 _a-0000db64-d317-8000-0315-010000010000_2028 Processing reference: ContentRole[name=denyReaders,inherit=false,allowForAll=false]
2015-08-28 16:44:12.748 DEBUG application 2025 _a-0000db64-d317-8000-0315-010000010000_2028 Processing reference: ContentRole[name=denyAuthors,inherit=false,allowForAll=false]
2015-08-28 16:44:12.748 DEBUG application 2025 _a-0000db64-d317-8000-0315-010000010000_2028 Processing reference: ContentRole[name=denyAdministrators,inherit=false,allowForAll=false]
2015-08-28 16:44:12.748 DEBUG datatype 1944 {https://test79.appianci.net/suite/types/}TEST_cdt Begin transport.
2015-08-28 16:44:12.748 DEBUG datatype 1944 {https://test79.appianci.net/suite/types/}TEST_cdt Retrieving object data.
2015-08-28 16:44:12.754 DEBUG datatype 1944 {https://test79.appianci.net/suite/types/}TEST_cdt Setting uuids of object references.
2015-08-28 16:44:12.755 DEBUG datatype 1944 {https://test79.appianci.net/suite/types/}TEST_cdt Exporting binary resources.
2015-08-28 16:44:12.755 DEBUG datatype 1944 {https://test79.appianci.net/suite/types/}TEST_cdt Serializing object to XML.
2015-08-28 16:44:12.756 DEBUG datatype 1944 {https://test79.appianci.net/suite/types/}TEST_cdt Object transported.
2015-08-28 16:44:12.757 DEBUG dataStore 2028 _a-0000db64-d317-8000-0315-010000010000_2029 Begin transport.
2015-08-28 16:44:12.757 DEBUG dataStore 2028 _a-0000db64-d317-8000-0315-010000010000_2029 Retrieving object data.
2015-08-28 16:44:12.76 DEBUG dataStore 2028 _a-0000db64-d317-8000-0315-010000010000_2029 Setting uuids of object references.
2015-08-28 16:44:12.76 DEBUG dataStore 2028 _a-0000db64-d317-8000-0315-010000010000_2029 Processing reference: datatypeRef[id=1944]
2015-08-28 16:44:12.76 DEBUG dataStore 2028 _a-0000db64-d317-8000-0315-010000010000_2029 Processing reference: ContentRole[name=administrators,usernames=[Administrator],inherit=false,allowForAll=false]
2015-08-28 16:44:12.761 DEBUG dataStore 2028 _a-0000db64-d317-8000-0315-010000010000_2029 Processing reference: ContentRole[name=authors,inherit=false,allowForAll=false]
2015-08-28 16:44:12.761 DEBUG dataStore 2028 _a-0000db64-d317-8000-0315-010000010000_2029 Processing reference: ContentRole[name=denyAdministrators,inherit=false,allowForAll=false]
2015-08-28 16:44:12.762 DEBUG dataStore 2028 _a-0000db64-d317-8000-0315-010000010000_2029 Processing reference: ContentRole[name=denyAuthors,inherit=false,allowForAll=false]
2015-08-28 16:44:12.762 DEBUG dataStore 2028 _a-0000db64-d317-8000-0315-010000010000_2029 Processing reference: ContentRole[name=denyReaders,inherit=false,allowForAll=false]
2015-08-28 16:44:12.762 DEBUG dataStore 2028 _a-0000db64-d317-8000-0315-010000010000_2029 Processing reference: ContentRole[name=readers,inherit=false,allowForAll=false]
2015-08-28 16:44:12.762 DEBUG dataStore 2028 _a-0000db64-d317-8000-0315-010000010000_2029 Exporting binary resources.
2015-08-28 16:44:12.762 DEBUG dataStore 2028 _a-0000db64-d317-8000-0315-010000010000_2029 Serializing object to XML.
2015-08-28 16:44:12.762 DEBUG dataStore 2028 _a-0000db64-d317-8000-0315-010000010000_2029 Object transported.
2015-08-28 16:44:12.763 DEBUG content 2023 d6a0ccac-8601-4d2d-91e3-368ada057b74 Begin transport.
2015-08-28 16:44:12.763 DEBUG content 2023 d6a0ccac-8601-4d2d-91e3-368ada057b74 Retrieving object data.
2015-08-28 16:44:12.766 DEBUG content 2023 d6a0ccac-8601-4d2d-91e3-368ada057b74 Setting uuids of object references.
2015-08-28 16:44:12.766 DEBUG content 2023 d6a0ccac-8601-4d2d-91e3-368ada057b74 Processing reference: [Content:id=2023,versionId=-1,name=TEST_dashboard,description=,type=32,subtype=1,uuid=d6a0ccac-8601-4d2d-91e3-368ada057b74,parent=2022,parentName=TEST Rule Folder,parentType=2,log=2023,logName=TEST_dashboard,state=255,visibility=35,security=143,creator=Administrator,createdTimestamp=2015-08-28 16:23:13.0,updatedTimestamp=2015-08-28 16:23:13.0,metadataIds=[],size=0,lockedBy=,changesRequireApproval=false,attributes={dep_rules=[Ljava.lang.Long;@6325c5fb, system=0, preferredEditor=interface, hidden=0, offlineEnabled=false, ruletype=1, dep_functions=[Ljava.lang.String;@143e5b9f, definition==a!dashboardLayout(
  firstColumnContents: {
    a!milestoneField(
      labelPosition: "COLLAPSED",
      steps: {"Requested", "Approved", "Submitted to Vendor", "Received"},
      active: 3
    ),
    a!sectionLayout(
      firstColumnContents: {
        a!textField(
          label: "PR #",
          labelPosition: "ADJACENT",
          value: "123456789",
          readOnly: true
        ),
        a!pickerFieldUsers(
          label: "Requested By",
          labelPosition: "ADJACENT",
          value: loggedInUser(),
          readOnly: true
        ),
        a!textField(
          label: "Department",
          labelPosition: "ADJACENT",
          value: "Sales",
          readOnly: true
        ),
        a!dateField(
          label: "Due Date",
          labelPosition: "ADJACENT",
          value: today(),
          readOnly: true
        )
      },
      secondColumnContents: {
        a!textField(
          label: "Shipping Address",
          labelPosition: "ADJACENT",
          value: "123 Sesame Street",
          readOnly: true
        ),
        a!textField(
          label: "City",
          labelPosition: "ADJACENT",
          value: "New York",
          readOnly: true
        ),
        a!textField(
          label: "State/Province",
          labelPosition: "ADJACENT",
          value: "NY",
          readOnly: true
        ),
        a!textField(
          label: "Zip/Postal Code",
          labelPosition: "ADJACENT",
          value: "12345",
          readOnly: true
        )
      }
    ),
    a!sectionLayout(
      label: "Items",
      firstColumnContents: {
        /* This grid is not configured to page or sort */
        a!gridField(
          labelPosition: "ABOVE",
          totalCount: 5,
          columns: {
            a!gridTextColumn(label: "Description", data: {"Mobile device for demos", "Video software upgrade", "Device accessories"}),
            a!gridTextColumn(label: "Category", data: {"Hardware", "Software", "Miscellaneous"}),
            a!gridTextColumn(label: "Qty", data: {2, 1, 2}, alignment: "RIGHT"),
            a!gridTextColumn(label: "Unit Price", data: {dollar({150, 50.99, 30.99}), "Total"}, alignment: "RIGHT"),
            a!gridTextColumn(label: "Amount", data: dollar({300, 50.99, 61.98, 412.97}), alignment: "RIGHT")
          },
          value: a!pagingInfo(startIndex: 1, batchSize: 5),
          saveInto: {}
        )
      },
      secondColumnContents: {}
    ),
    a!sectionLayout(
      label: "Approval",
      firstColumnContents: {
        a!textField(
          label: "Approved By",
          labelPosition: "ADJACENT",
          value: "Paul Smith",
          readOnly: true
        ),
        a!dateField(
          label: "Approved On",
          labelPosition: "ADJACENT",
          value: today(),
          readOnly: true
        ),
        a!paragraphField(
          label: "Comments",
          labelPosition: "ADJACENT",
          value: "These items are necessary for an upcoming client demo and there is sufficient budget to cover the cost of the items.",
          readOnly: true
        )
      },
      secondColumnContents: {
        a!imageField(
          labelPosition: "COLLAPSED",
          images: {
            a!documentImage(
              document: a!EXAMPLE_SIGNATURE_IMAGE(),
              altText: "Paul Smith signature",
              /* This is an example image that should not be used outside of this template. Instead, use a constant or variable that references your image. */
              caption: "Paul Smith"
            )
          },
          size: "STANDARD"
        )
      }
    ),
    a!sectionLayout(
      label: "Vendor Information",
      firstColumnContents: {
        a!textField(
          label: "Vendor",
          labelPosition: "ADJACENT",
          value: "Mobile Device Company",
          readOnly: true
        ),
        a!textField(
          label: "Contact",
          labelPosition: "ADJACENT",
          value: "John Coleman",
          readOnly: true
        ),
        a!textField(
          label: "Phone",
          labelPosition: "ADJACENT",
          value: "(123) 456-7890",
          readOnly: true
        ),
        a!textField(
          label: "Email",
          labelPosition: "ADJACENT",
          value: "companyA@example.com",
          readOnly: true
        )
      },
      secondColumnContents: {
        a!textField(
          label: "Address",
          labelPosition: "ADJACENT",
          value: "456 Sesame Street",
          readOnly: true
        ),
        a!textField(
          label: "City",
          labelPosition: "ADJACENT",
          value: "New York",
          readOnly: true
        ),
        a!textField(
          label: "State/Province",
          labelPosition: "ADJACENT",
          value: "NY",
          readOnly: true
        ),
        a!textField(
          label: "Zip/Postal Code",
          labelPosition: "ADJACENT",
          value: "12345",
          readOnly: true
        )
      }
    )
  },
  secondColumnContents: {}
), dep_types=[Ljava.lang.String;@41ac1ec0, parameters=[Lcom.appiancorp.suiteapi.process.TypedVariable;@34ad3050, dep_variables=[[Ljava.lang.String;@79ea2123},partition=2,partitionName=/usr/local/appian/ae/_admin/accdocs2]
2015-08-28 16:44:12.769 DEBUG content 2023 d6a0ccac-8601-4d2d-91e3-368ada057b74 Processing reference: FreeformRule.forum
2015-08-28 16:44:12.77 DEBUG content 2023 d6a0ccac-8601-4d2d-91e3-368ada057b74 Processing reference: FreeformRule.parent
2015-08-28 16:44:12.771 DEBUG content 2022 _a-0000db64-d317-8000-0315-010000010000_2020 Begin transport.
2015-08-28 16:44:12.771 DEBUG content 2022 _a-0000db64-d317-8000-0315-010000010000_2020 Retrieving object data.
2015-08-28 16:44:12.775 DEBUG content 2022 _a-0000db64-d317-8000-0315-010000010000_2020 Setting uuids of object references.
2015-08-28 16:44:12.775 DEBUG content 2022 _a-0000db64-d317-8000-0315-010000010000_2020 Processing reference: RulesFolder.forum
2015-08-28 16:44:12.775 DEBUG content 2022 _a-0000db64-d317-8000-0315-010000010000_2020 Processing reference: RulesFolder.parent
2015-08-28 16:44:12.777 DEBUG content 2022 _a-0000db64-d317-8000-0315-010000010000_2020 Processing reference: com.appiancorp.suiteapi.content.ContentRoleMap@42262eaf[
  ContentRole[name=readers,inherit=true,allowForAll=false]
  ContentRole[name=authors,inherit=true,allowForAll=false]
  ContentRole[name=administrators,usernames=[Administrator],inherit=true,allowForAll=false]
  ContentRole[name=denyReaders,inherit=false,allowForAll=false]
  ContentRole[name=denyAuthors,inherit=false,allowForAll=false]
  ContentRole[name=denyAdministrators,inherit=false,allowForAll=false]
  securityVector=143:SEC_PUBLIC=true,SEC_CREATOR_ADMIN=true,SEC_INH_ADMIN=true,SEC_INH_EDITOR=true,SEC_INH_VIEWER=true,SEC_ALL_ADMIN=false,SEC_ALL_EDITOR=false,SEC_ALL_VIEWER=false
]
2015-08-28 16:44:12.777 DEBUG content 2022 _a-0000db64-d317-8000-0315-010000010000_2020 Processing reference: ContentRole[name=readers,inherit=true,allowForAll=false]
2015-08-28 16:44:12.777 DEBUG content 2022 _a-0000db64-d317-8000-0315-010000010000_2020 Processing reference: ContentRole[name=authors,inherit=true,allowForAll=false]
2015-08-28 16:44:12.777 DEBUG content 2022 _a-0000db64-d317-8000-0315-010000010000_2020 Processing reference: ContentRole[name=administrators,usernames=[Administrator],inherit=true,allowForAll=false]
2015-08-28 16:44:12.778 DEBUG content 2022 _a-0000db64-d317-8000-0315-010000010000_2020 Processing reference: ContentRole[name=denyReaders,inherit=false,allowForAll=false]
2015-08-28 16:44:12.778 DEBUG content 2022 _a-0000db64-d317-8000-0315-010000010000_2020 Processing reference: ContentRole[name=denyAuthors,inherit=false,allowForAll=false]
2015-08-28 16:44:12.778 DEBUG content 2022 _a-0000db64-d317-8000-0315-010000010000_2020 Processing reference: ContentRole[name=denyAdministrators,inherit=false,allowForAll=false]
2015-08-28 16:44:12.778 DEBUG content 2022 _a-0000db64-d317-8000-0315-010000010000_2020 Exporting binary resources.
2015-08-28 16:44:12.778 DEBUG content 2022 _a-0000db64-d317-8000-0315-010000010000_2020 Serializing object to XML.
2015-08-28 16:44:12.779 DEBUG content 2022 _a-0000db64-d317-8000-0315-010000010000_2020 Object transported.
2015-08-28 16:44:12.779 DEBUG content 2023 d6a0ccac-8601-4d2d-91e3-368ada057b74 Processing reference: com.appiancorp.suiteapi.content.ContentRoleMap@5553e4c0[
  ContentRole[name=readers,inherit=true,allowForAll=false]
  ContentRole[name=authors,inherit=true,allowForAll=false]
  ContentRole[name=administrators,usernames=[Administrator],inherit=true,allowForAll=false]
  ContentRole[name=denyReaders,inherit=false,allowForAll=false]
  ContentRole[name=denyAuthors,inherit=false,allowForAll=false]
  ContentRole[name=denyAdministrators,inherit=false,allowForAll=false]
  securityVector=143:SEC_PUBLIC=true,SEC_CREATOR_ADMIN=true,SEC_INH_ADMIN=true,SEC_INH_EDITOR=true,SEC_INH_VIEWER=true,SEC_ALL_ADMIN=false,SEC_ALL_EDITOR=false,SEC_ALL_VIEWER=false
]
2015-08-28 16:44:12.779 DEBUG content 2023 d6a0ccac-8601-4d2d-91e3-368ada057b74 Processing reference: ContentRole[name=readers,inherit=true,allowForAll=false]
2015-08-28 16:44:12.779 DEBUG content 2023 d6a0ccac-8601-4d2d-91e3-368ada057b74 Processing reference: ContentRole[name=authors,inherit=true,allowForAll=false]
2015-08-28 16:44:12.779 DEBUG content 2023 d6a0ccac-8601-4d2d-91e3-368ada057b74 Processing reference: ContentRole[name=administrators,usernames=[Administrator],inherit=true,allowForAll=false]
2015-08-28 16:44:12.78 DEBUG content 2023 d6a0ccac-8601-4d2d-91e3-368ada057b74 Processing reference: ContentRole[name=denyReaders,inherit=false,allowForAll=false]
2015-08-28 16:44:12.78 DEBUG content 2023 d6a0ccac-8601-4d2d-91e3-368ada057b74 Processing reference: ContentRole[name=denyAuthors,inherit=false,allowForAll=false]
2015-08-28 16:44:12.78 DEBUG content 2023 d6a0ccac-8601-4d2d-91e3-368ada057b74 Processing reference: ContentRole[name=denyAdministrators,inherit=false,allowForAll=false]
2015-08-28 16:44:12.78 DEBUG content 2023 d6a0ccac-8601-4d2d-91e3-368ada057b74 Exporting binary resources.
2015-08-28 16:44:12.78 DEBUG content 2023 d6a0ccac-8601-4d2d-91e3-368ada057b74 Serializing object to XML.
2015-08-28 16:44:12.781 DEBUG content 2023 d6a0ccac-8601-4d2d-91e3-368ada057b74 Object transported.
2015-08-28 16:44:12.781 DEBUG content 2034 834bc680-32b0-46e6-9f3b-c42977b9253e Begin transport.
2015-08-28 16:44:12.781 DEBUG content 2034 834bc680-32b0-46e6-9f3b-c42977b9253e Retrieving object data.
2015-08-28 16:44:12.784 DEBUG content 2034 834bc680-32b0-46e6-9f3b-c42977b9253e Setting uuids of object references.
2015-08-28 16:44:12.784 DEBUG content 2034 834bc680-32b0-46e6-9f3b-c42977b9253e Processing reference: [Content:id=2024,versionId=-1,name=TEST_rule,description=,type=32,subtype=1,uuid=834bc680-32b0-46e6-9f3b-c42977b9253e,parent=2022,parentName=TEST Rule Folder,parentType=2,log=2034,logName=TEST_rule,state=255,visibility=35,security=143,creator=Administrator,createdTimestamp=2015-08-28 16:43:58.0,updatedTimestamp=2015-08-28 16:43:58.0,metadataIds=[],size=0,lockedBy=,changesRequireApproval=false,attributes={dep_rules=[Ljava.lang.Long;@4d1e822c, system=0, preferredEditor=legacy, hidden=0, offlineEnabled=false, ruletype=1, dep_functions=[Ljava.lang.String;@742f2b07, definition=="Change rule to show update in production", dep_types=[Ljava.lang.String;@de22149, parameters=[Lcom.appiancorp.suiteapi.process.TypedVariable;@694b06a4, dep_variables=[[Ljava.lang.String;@507de643},partition=3,partitionName=/usr/local/appian/ae/_admin/accdocs3]
2015-08-28 16:44:12.784 DEBUG content 2034 834bc680-32b0-46e6-9f3b-c42977b9253e Processing reference: FreeformRule.forum
2015-08-28 16:44:12.785 DEBUG content 2034 834bc680-32b0-46e6-9f3b-c42977b9253e Processing reference: FreeformRule.parent
2015-08-28 16:44:12.787 DEBUG content 2034 834bc680-32b0-46e6-9f3b-c42977b9253e Processing reference: com.appiancorp.suiteapi.content.ContentRoleMap@7259fcb2[
  ContentRole[name=readers,inherit=true,allowForAll=false]
  ContentRole[name=authors,inherit=true,allowForAll=false]
  ContentRole[name=administrators,usernames=[Administrator],inherit=true,allowForAll=false]
  ContentRole[name=denyReaders,inherit=false,allowForAll=false]
  ContentRole[name=denyAuthors,inherit=false,allowForAll=false]
  ContentRole[name=denyAdministrators,inherit=false,allowForAll=false]
  securityVector=143:SEC_PUBLIC=true,SEC_CREATOR_ADMIN=true,SEC_INH_ADMIN=true,SEC_INH_EDITOR=true,SEC_INH_VIEWER=true,SEC_ALL_ADMIN=false,SEC_ALL_EDITOR=false,SEC_ALL_VIEWER=false
]
2015-08-28 16:44:12.787 DEBUG content 2034 834bc680-32b0-46e6-9f3b-c42977b9253e Processing reference: ContentRole[name=readers,inherit=true,allowForAll=false]
2015-08-28 16:44:12.787 DEBUG content 2034 834bc680-32b0-46e6-9f3b-c42977b9253e Processing reference: ContentRole[name=authors,inherit=true,allowForAll=false]
2015-08-28 16:44:12.787 DEBUG content 2034 834bc680-32b0-46e6-9f3b-c42977b9253e Processing reference: ContentRole[name=administrators,usernames=[Administrator],inherit=true,allowForAll=false]
2015-08-28 16:44:12.788 DEBUG content 2034 834bc680-32b0-46e6-9f3b-c42977b9253e Processing reference: ContentRole[name=denyReaders,inherit=false,allowForAll=false]
2015-08-28 16:44:12.788 DEBUG content 2034 834bc680-32b0-46e6-9f3b-c42977b9253e Processing reference: ContentRole[name=denyAuthors,inherit=false,allowForAll=false]
2015-08-28 16:44:12.788 DEBUG content 2034 834bc680-32b0-46e6-9f3b-c42977b9253e Processing reference: ContentRole[name=denyAdministrators,inherit=false,allowForAll=false]
2015-08-28 16:44:12.788 DEBUG content 2034 834bc680-32b0-46e6-9f3b-c42977b9253e Exporting binary resources.
2015-08-28 16:44:12.788 DEBUG content 2034 834bc680-32b0-46e6-9f3b-c42977b9253e Serializing object to XML.
2015-08-28 16:44:12.789 DEBUG content 2034 834bc680-32b0-46e6-9f3b-c42977b9253e Object transported.
2015-08-28 16:44:12.79 DEBUG processModelFolder 1 _g-0000db64-d319-8000-0316-010000010000_1 Begin transport.
2015-08-28 16:44:12.79 DEBUG processModelFolder 1 _g-0000db64-d319-8000-0316-010000010000_1 Retrieving object data.
2015-08-28 16:44:12.793 DEBUG processModelFolder 1 _g-0000db64-d319-8000-0316-010000010000_1 Setting uuids of object references.
2015-08-28 16:44:12.793 DEBUG processModelFolder 1 _g-0000db64-d319-8000-0316-010000010000_1 Processing reference: ProcessModelFolder.parentFolderId
2015-08-28 16:44:12.793 DEBUG processModelFolder 1 _g-0000db64-d319-8000-0316-010000010000_1 Processing reference: com.appiancorp.suiteapi.process.ProcessRoleMap@39536bd1[
  Role[name=ADMIN_OWNER,usernames=[Administrator]]
  Role[name=EDITOR]
  Role[name=EXPLICIT_NONMEMBER]
  Role[name=VIEWER]
  Role[name=MANAGER]
  Role[name=INITIATOR]
]
2015-08-28 16:44:12.793 DEBUG processModelFolder 1 _g-0000db64-d319-8000-0316-010000010000_1 Processing reference: Role[name=ADMIN_OWNER,usernames=[Administrator]]
2015-08-28 16:44:12.794 DEBUG processModelFolder 1 _g-0000db64-d319-8000-0316-010000010000_1 Processing reference: Role[name=EDITOR]
2015-08-28 16:44:12.794 DEBUG processModelFolder 1 _g-0000db64-d319-8000-0316-010000010000_1 Processing reference: Role[name=EXPLICIT_NONMEMBER]
2015-08-28 16:44:12.794 DEBUG processModelFolder 1 _g-0000db64-d319-8000-0316-010000010000_1 Processing reference: Role[name=VIEWER]
2015-08-28 16:44:12.794 DEBUG processModelFolder 1 _g-0000db64-d319-8000-0316-010000010000_1 Processing reference: Role[name=MANAGER]
2015-08-28 16:44:12.794 DEBUG processModelFolder 1 _g-0000db64-d319-8000-0316-010000010000_1 Processing reference: Role[name=INITIATOR]
2015-08-28 16:44:12.794 DEBUG processModelFolder 1 _g-0000db64-d319-8000-0316-010000010000_1 Exporting binary resources.
2015-08-28 16:44:12.794 DEBUG processModelFolder 1 _g-0000db64-d319-8000-0316-010000010000_1 Serializing object to XML.
2015-08-28 16:44:12.795 DEBUG processModelFolder 1 _g-0000db64-d319-8000-0316-010000010000_1 Object transported.
2015-08-28 16:44:12.796 DEBUG processModel 0 0003db65-da22-8000-0316-010000010000 Begin transport.
2015-08-28 16:44:12.796 DEBUG processModel 0 0003db65-da22-8000-0316-010000010000 Retrieving object data.
2015-08-28 16:44:12.832 DEBUG processModel 0 0003db65-da22-8000-0316-010000010000 Setting uuids of object references.
2015-08-28 16:44:12.832 DEBUG processModel 0 0003db65-da22-8000-0316-010000010000 Processing reference: ProcessModelHaul.folderId
2015-08-28 16:44:12.833 DEBUG processModel 0 0003db65-da22-8000-0316-010000010000 Processing reference: ProcessModelHaul.modelDashboardPageId
2015-08-28 16:44:12.834 DEBUG processModel 0 0003db65-da22-8000-0316-010000010000 Processing reference: ProcessModelHaul.processDashboardPageId
2015-08-28 16:44:12.834 DEBUG processModel 0 0003db65-da22-8000-0316-010000010000 Processing reference: ProcessModel.emailAttachmentFolderId
2015-08-28 16:44:12.839 DEBUG processModel 0 0003db65-da22-8000-0316-010000010000 Processing reference: ActivityClassParameter[name=pmID,it=23,v=<null>]
2015-08-28 16:44:12.839 DEBUG processModel 0 0003db65-da22-8000-0316-010000010000 Processing reference: ActivityClassParameter[name=inMap,it=111,v={}]
2015-08-28 16:44:12.839 DEBUG processModel 0 0003db65-da22-8000-0316-010000010000 Processing reference: ActivityClassParameter[name=procInheritsPriority,it=1,v=1]
2015-08-28 16:44:12.839 DEBUG processModel 0 0003db65-da22-8000-0316-010000010000 Processing reference: ActivityClassParameter[name=pmUUID,it=3,v=]
2015-08-28 16:44:12.839 DEBUG processModel 0 0003db65-da22-8000-0316-010000010000 Processing reference: ActivityClassParameter[name=isAsynchronous,it=26,v=1]
2015-08-28 16:44:12.839 DEBUG processModel 0 0003db65-da22-8000-0316-010000010000 Processing reference: ActivityClassParameter[name=isTransparent,it=26,v=1]
2015-08-28 16:44:12.839 DEBUG processModel 0 0003db65-da22-8000-0316-010000010000 Processing reference: ActivityClassParameter[name=inheritSecurity,it=26,v=0]
2015-08-28 16:44:12.839 DEBUG processModel 0 0003db65-da22-8000-0316-010000010000 Processing reference: com.appiancorp.suiteapi.process.ProcessRoleMap@42671dcb[
  Role[name=ADMIN_OWNER,usernames=[Administrator]]
  Role[name=EDITOR]
  Role[name=EXPLICIT_NONMEMBER]
  Role[name=VIEWER]
  Role[name=MANAGER]
  Role[name=INITIATOR]
]
2015-08-28 16:44:12.839 DEBUG processModel 0 0003db65-da22-8000-0316-010000010000 Processing reference: Role[name=ADMIN_OWNER,usernames=[Administrator]]
2015-08-28 16:44:12.84 DEBUG processModel 0 0003db65-da22-8000-0316-010000010000 Processing reference: Role[name=EDITOR]
2015-08-28 16:44:12.84 DEBUG processModel 0 0003db65-da22-8000-0316-010000010000 Processing reference: Role[name=EXPLICIT_NONMEMBER]
2015-08-28 16:44:12.84 DEBUG processModel 0 0003db65-da22-8000-0316-010000010000 Processing reference: Role[name=VIEWER]
2015-08-28 16:44:12.841 DEBUG processModel 0 0003db65-da22-8000-0316-010000010000 Processing reference: Role[name=MANAGER]
2015-08-28 16:44:12.841 DEBUG processModel 0 0003db65-da22-8000-0316-010000010000 Processing reference: Role[name=INITIATOR]
2015-08-28 16:44:12.841 DEBUG processModel 0 0003db65-da22-8000-0316-010000010000 Exporting binary resources.
2015-08-28 16:44:12.841 DEBUG processModel 0 0003db65-da22-8000-0316-010000010000 Serializing object to XML.
2015-08-28 16:44:12.969 DEBUG processModel 0 0003db65-da22-8000-0316-010000010000 Object transported.
2015-08-28 16:44:12.97 DEBUG recordType 2 96bef044-77f0-4e9f-a515-bee5ae0a1588 Begin transport.
2015-08-28 16:44:12.97 DEBUG recordType 2 96bef044-77f0-4e9f-a515-bee5ae0a1588 Retrieving object data.
2015-08-28 16:44:13.012 DEBUG recordType 2 96bef044-77f0-4e9f-a515-bee5ae0a1588 Setting uuids of object references.
2015-08-28 16:44:13.018 DEBUG recordType 2 96bef044-77f0-4e9f-a515-bee5ae0a1588 Processing reference: RecordType.dataSrcExpr
2015-08-28 16:44:13.018 DEBUG recordType 2 96bef044-77f0-4e9f-a515-bee5ae0a1588 Processing reference: RecordType.defaultFilters
2015-08-28 16:44:13.018 DEBUG recordType 2 96bef044-77f0-4e9f-a515-bee5ae0a1588 Processing reference: RecordType.defaultFiltersExpr
2015-08-28 16:44:13.018 DEBUG recordType 2 96bef044-77f0-4e9f-a515-bee5ae0a1588 Processing reference: DetailViewCfg.headerExpr
2015-08-28 16:44:13.018 DEBUG recordType 2 96bef044-77f0-4e9f-a515-bee5ae0a1588 Processing reference: DetailViewCfg.nameExpr
2015-08-28 16:44:13.018 DEBUG recordType 2 96bef044-77f0-4e9f-a515-bee5ae0a1588 Processing reference: DetailViewCfg.uiExpr
2015-08-28 16:44:13.02 DEBUG recordType 2 96bef044-77f0-4e9f-a515-bee5ae0a1588 Processing reference: DetailViewCfg.visibilityExpr
2015-08-28 16:44:13.02 DEBUG recordType 2 96bef044-77f0-4e9f-a515-bee5ae0a1588 Processing reference: RecordType.facetsListExpr
2015-08-28 16:44:13.02 DEBUG recordType 2 96bef044-77f0-4e9f-a515-bee5ae0a1588 Processing reference: RecordType.listViewTemplateExpr
2015-08-28 16:44:13.02 DEBUG recordType 2 96bef044-77f0-4e9f-a515-bee5ae0a1588 Processing reference: RecordType.source
2015-08-28 16:44:13.022 DEBUG recordType 2 96bef044-77f0-4e9f-a515-bee5ae0a1588 Exporting binary resources.
2015-08-28 16:44:13.022 DEBUG recordType 2 96bef044-77f0-4e9f-a515-bee5ae0a1588 Serializing object to XML.
2015-08-28 16:44:13.023 DEBUG recordType 2 96bef044-77f0-4e9f-a515-bee5ae0a1588 Object transported.
2015-08-28 16:44:13.023 DEBUG application 2025 _a-0000db64-d317-8000-0315-010000010000_2028 Exporting binary resources.
2015-08-28 16:44:13.023 DEBUG application 2025 _a-0000db64-d317-8000-0315-010000010000_2028 Serializing object to XML.
2015-08-28 16:44:13.024 DEBUG application 2025 _a-0000db64-d317-8000-0315-010000010000_2028 Object transported.
